{
  "stats": {
    "suites": 1,
    "tests": 1,
    "passes": 1,
    "pending": 0,
    "failures": 0,
    "start": "2021-04-26T02:19:26.436Z",
    "end": "2021-04-26T02:19:39.797Z",
    "duration": 13361,
    "testsRegistered": 1,
    "passPercent": 100,
    "pendingPercent": 0,
    "other": 0,
    "hasOther": false,
    "skipped": 0,
    "hasSkipped": false
  },
  "results": [
    {
      "uuid": "380a9131-92f9-4257-a99a-bf1b20907f20",
      "title": "",
      "fullFile": "cypress/integration/pageFleury.feature",
      "file": "cypress/integration/pageFleury.feature",
      "beforeHooks": [],
      "afterHooks": [],
      "tests": [],
      "suites": [
        {
          "uuid": "5425a2d0-f6b8-417c-9353-8e426e8e7a80",
          "title": "Page Fleury",
          "fullFile": "",
          "file": "",
          "beforeHooks": [],
          "afterHooks": [],
          "tests": [
            {
              "title": "Validar o nome de uma Unidade na tela",
              "fullTitle": "Page Fleury Validar o nome de uma Unidade na tela",
              "timedOut": null,
              "duration": 10283,
              "state": "passed",
              "speed": "slow",
              "pass": true,
              "fail": false,
              "pending": false,
              "context": null,
              "code": "const state = window.testState;\nreturn cy\n  .then(() => state.onStartScenario(scenario, indexedSteps))\n  .then(() =>\n    resolveAndRunBeforeHooks.call(this, scenario.tags, state.feature.name)\n  )\n  .then(() =>\n    indexedSteps.forEach((step) =>\n      stepTest.call(this, state, step, rowData)\n    )\n  )\n  .then(() =>\n    resolveAndRunAfterHooks.call(this, scenario.tags, state.feature.name)\n  )\n  .then(() => state.onFinishScenario(scenario));",
              "err": {},
              "uuid": "97c0001d-12bf-42ef-90f4-1621cd19711c",
              "parentUUID": "5425a2d0-f6b8-417c-9353-8e426e8e7a80",
              "isHook": false,
              "skipped": false
            }
          ],
          "suites": [],
          "passes": [
            "97c0001d-12bf-42ef-90f4-1621cd19711c"
          ],
          "failures": [],
          "pending": [],
          "skipped": [],
          "duration": 10283,
          "root": false,
          "rootEmpty": false,
          "_timeout": 2000
        }
      ],
      "passes": [],
      "failures": [],
      "pending": [],
      "skipped": [],
      "duration": 0,
      "root": true,
      "rootEmpty": true,
      "_timeout": 2000
    }
  ],
  "meta": {
    "mocha": {
      "version": "7.0.1"
    },
    "mochawesome": {
      "options": {
        "quiet": true,
        "reportFilename": "ruslt_test",
        "saveHtml": true,
        "saveJson": true,
        "consoleReporter": "spec",
        "useInlineDiffs": false,
        "code": true
      },
      "version": "6.2.2"
    },
    "marge": {
      "options": {
        "reportFilename": "ruslt_test",
        "reportDir": "cypress/reports/relatorio/",
        "quiet": true,
        "overwrite": true,
        "html": true,
        "json": true
      },
      "version": "5.2.0"
    }
  }
}